#
# There is insufficient memory for the Java Runtime Environment to continue.
# Native memory allocation (malloc) failed to allocate 1048576 bytes. Error detail: AllocateHeap
# Possible reasons:
#   The system is out of physical RAM or swap space
#   This process is running with CompressedOops enabled, and the Java Heap may be blocking the growth of the native heap
# Possible solutions:
#   Reduce memory load on the system
#   Increase physical memory or swap space
#   Check if swap backing store is full
#   Decrease Java heap size (-Xmx/-Xms)
#   Decrease number of Java threads
#   Decrease Java thread stack sizes (-Xss)
#   Set larger code cache with -XX:ReservedCodeCacheSize=
#   JVM is running with Unscaled Compressed Oops mode in which the Java heap is
#     placed in the first 4GB address space. The Java Heap base address is the
#     maximum limit for the native heap growth. Please use -XX:HeapBaseMinAddress
#     to set the Java Heap base and to place the Java Heap above 4GB virtual address.
# This output file may be truncated or incomplete.
#
#  Out of Memory Error (allocation.cpp:44), pid=17228, tid=8824
#
# JRE version:  (21.0.9+10) (build )
# Java VM: OpenJDK 64-Bit Server VM (21.0.9+10-LTS, mixed mode, sharing, tiered, compressed oops, compressed class ptrs, parallel gc, windows-amd64)
# No core dump will be written. Minidumps are not enabled by default on client versions of Windows
#

---------------  S U M M A R Y ------------

Command Line: --add-modules=ALL-SYSTEM --add-opens=java.base/java.util=ALL-UNNAMED --add-opens=java.base/java.lang=ALL-UNNAMED --add-opens=java.base/sun.nio.fs=ALL-UNNAMED -Declipse.application=org.eclipse.jdt.ls.core.id1 -Dosgi.bundles.defaultStartLevel=4 -Declipse.product=org.eclipse.jdt.ls.core.product -Djava.import.generatesMetadataFilesAtProjectRoot=false -DDetectVMInstallationsJob.disabled=true -Dfile.encoding=utf8 -XX:+UseParallelGC -XX:GCTimeRatio=4 -XX:AdaptiveSizePolicyWeight=90 -Dsun.zip.disableMemoryMapping=true -Xmx2G -Xms100m -Xlog:disable -javaagent:c:\Users\≥≤¿±¡÷\.vscode\extensions\redhat.java-1.50.0-win32-x64\lombok\lombok-1.18.39-4050.jar -XX:+HeapDumpOnOutOfMemoryError -XX:HeapDumpPath=c:\Users\≥≤¿±¡÷\AppData\Roaming\Code\User\workspaceStorage\4643e5800a7e064f2486428207eb991d\redhat.java -Daether.dependencyCollector.impl=bf c:\Users\≥≤¿±¡÷\.vscode\extensions\redhat.java-1.50.0-win32-x64\server\plugins\org.eclipse.equinox.launcher_1.7.100.v20251111-0406.jar -configuration c:\Users\≥≤¿±¡÷\AppData\Roaming\Code\User\globalStorage\redhat.java\1.50.0\config_win -data c:\Users\≥≤¿±¡÷\AppData\Roaming\Code\User\workspaceStorage\4643e5800a7e064f2486428207eb991d\redhat.java\jdt_ws --pipe=\\.\pipe\lsp-6037cf98a148042bd8c3e8ffd0170932-sock

Host: AMD Ryzen 5 2500U with Radeon Vega Mobile Gfx  , 8 cores, 5G,  Windows 10 , 64 bit Build 19041 (10.0.19041.5915)
Time: Tue Dec 16 16:48:03 2025 elapsed time: 0.101466 seconds (0d 0h 0m 0s)

---------------  T H R E A D  ---------------

Current thread (0x000002037f6e26b0):  JavaThread "Unknown thread" [_thread_in_vm, id=8824, stack(0x0000003957800000,0x0000003957900000) (1024K)]

Stack: [0x0000003957800000,0x0000003957900000]
Native frames: (J=compiled Java code, j=interpreted, Vv=VM code, C=native code)
V  [jvm.dll+0x6d6e29]
V  [jvm.dll+0x8b4b76]
V  [jvm.dll+0x8b712e]
V  [jvm.dll+0x8b7813]
V  [jvm.dll+0x283d86]
V  [jvm.dll+0xc1277]
V  [jvm.dll+0x70adf2]
V  [jvm.dll+0x70bb2c]
V  [jvm.dll+0x6e59c3]
V  [jvm.dll+0x87e58c]
V  [jvm.dll+0x3c42fc]
V  [jvm.dll+0x86727b]
V  [jvm.dll+0x457391]
V  [jvm.dll+0x458f81]
C  [jli.dll+0x52d0]
C  [ucrtbase.dll+0x21bb2]
C  [KERNEL32.DLL+0x17374]
C  [ntdll.dll+0x4cc91]


---------------  P R O C E S S  ---------------

Threads class SMR info:
_java_thread_list=0x000002031621c3e0, length=1, elements={
0x000002037f6e26b0
}

Java Threads: ( => current thread )
=>0x000002037f6e26b0 JavaThread "Unknown thread"             [_thread_in_vm, id=8824, stack(0x0000003957800000,0x0000003957900000) (1024K)]
Total: 1

Other Threads:
  0x000002037f74c8b0 WatcherThread "VM Periodic Task Thread"        [id=16932, stack(0x0000003957a00000,0x0000003957b00000) (1024K)]
  0x000002037f6fffa0 WorkerThread "GC Thread#0"                     [id=13624, stack(0x0000003957900000,0x0000003957a00000) (1024K)]
Total: 2

Threads with active compile tasks:
Total: 0

VM state: not at safepoint (normal execution)

VM Mutex/Monitor currently owned by a thread: None

Heap address: 0x0000000080000000, size: 2048 MB, Compressed Oops mode: 32-bit

CDS archive(s) mapped at: [0x0000020317000000-0x0000020317ba0000-0x0000020317ba0000), size 12189696, SharedBaseAddress: 0x0000020317000000, ArchiveRelocationMode: 1.
Compressed class space mapped at: 0x0000020318000000-0x0000020358000000, reserved size: 1073741824
Narrow klass base: 0x0000020317000000, Narrow klass shift: 0, Narrow klass range: 0x100000000

GC Precious Log:
 CardTable entry size: 512
 CPUs: 8 total, 8 available
 Memory: 6045M
 Large Page Support: Disabled
 NUMA Support: Disabled
 Compressed Oops: Enabled (32-bit)
 Alignments: Space 512K, Generation 512K, Heap 2M
 Heap Min Capacity: 100M
 Heap Initial Capacity: 100M
 Heap Max Capacity: 2G
 Pre-touch: Disabled
 Parallel Workers: 8

Heap:
 PSYoungGen      total 29696K, used 512K [0x00000000d5580000, 0x00000000d7680000, 0x0000000100000000)
  eden space 25600K, 2% used [0x00000000d5580000,0x00000000d5600020,0x00000000d6e80000)
  from space 4096K, 0% used [0x00000000d7280000,0x00000000d7280000,0x00000000d7680000)
  to   space 4096K, 0% used [0x00000000d6e80000,0x00000000d6e80000,0x00000000d7280000)
 ParOldGen       total 68608K, used 0K [0x0000000080000000, 0x0000000084300000, 0x00000000d5580000)
  object space 68608K, 0% used [0x0000000080000000,0x0000000080000000,0x0000000084300000)
 Metaspace       used 0K, committed 0K, reserved 1048576K
  class space    used 0K, committed 0K, reserved 1048576K

Card table byte_map: [0x000002037f0c0000,0x000002037f4d0000] _byte_map_base: 0x000002037ecc0000

Marking Bits: (ParMarkBitMap*) 0x00007fffc6ea2460
 Begin Bits: [0x0000020312140000, 0x0000020314140000)
 End Bits:   [0x0000020314140000, 0x0000020316140000)

Polling page: 0x000002037eeb0000

Metaspace:

Usage:
  Non-class:      0 bytes used.
      Class:      0 bytes used.
       Both:      0 bytes used.

Virtual space:
  Non-class space:        0 bytes reserved,       0 bytes (  ?%) committed,  0 nodes.
      Class space:        1.00 GB reserved,       0 bytes (  0%) committed,  1 nodes.
             Both:        1.00 GB reserved,       0 bytes (  0%) committed. 

Chunk freelists:
   Non-Class:  0 bytes
       Class:  16.00 MB
        Both:  16.00 MB

MaxMetaspaceSize: unlimited
CompressedClassSpaceSize: 1.00 GB
Initial GC threshold: 21.00 MB
Current GC threshold: 17179869184.00 GB
CDS: on
 - commit_granule_bytes: 65536.
 - commit_granule_words: 8192.
 - virtual_space_node_default_size: 8388608.
 - enlarge_chunks_in_place: 1.
 - use_allocation_guard: 0.


Internal statistics:

num_allocs_failed_limit: 0.
num_arena_births: 0.
num_arena_deaths: 0.
num_vsnodes_births: 1.
num_vsnodes_deaths: 0.
num_space_committed: 0.
num_space_uncommitted: 0.
num_chunks_returned_to_freelist: 0.
num_chunks_taken_from_freelist: 1.
num_chunk_merges: 0.
num_chunk_splits: 1.
num_chunks_enlarged: 0.
num_inconsistent_stats: 0.

CodeHeap 'non-profiled nmethods': size=120000Kb used=0Kb max_used=0Kb free=120000Kb
 bounds [0x000002030ac10000, 0x000002030ae80000, 0x0000020312140000]
CodeHeap 'profiled nmethods': size=120000Kb used=0Kb max_used=0Kb free=120000Kb
 bounds [0x0000020303140000, 0x00000203033b0000, 0x000002030a670000]
CodeHeap 'non-nmethods': size=5760Kb used=194Kb max_used=342Kb free=5565Kb
 bounds [0x000002030a670000, 0x000002030a8e0000, 0x000002030ac10000]
CodeCache: size=245760Kb, used=194Kb, max_used=342Kb, free=245565Kb
 total_blobs=70, nmethods=0, adapters=48, full_count=0
Compilation: enabled, stopped_count=0, restarted_count=0

Compilation events (0 events):
No events

GC Heap History (0 events):
No events

Dll operation events (1 events):
Event: 0.035 Loaded shared library c:\Users\≥≤¿±¡÷\.vscode\extensions\redhat.java-1.50.0-win32-x64\jre\21.0.9-win32-x86_64\bin\java.dll

Deoptimization events (0 events):
No events

Classes loaded (0 events):
No events

Classes unloaded (0 events):
No events

Classes redefined (0 events):
No events

Internal exceptions (0 events):
No events

ZGC Phase Switch (0 events):
No events

VM Operations (0 events):
No events

Memory protections (0 events):
No events

Nmethod flushes (0 events):
No events

Events (1 events):
Event: 0.065 Thread 0x000002037f6e26b0 Thread added: 0x000002037f6e26b0


Dynamic libraries:
0x00007ff6066a0000 - 0x00007ff6066ae000 	c:\Users\≥≤¿±¡÷\.vscode\extensions\redhat.java-1.50.0-win32-x64\jre\21.0.9-win32-x86_64\bin\java.exe
0x00007ff817310000 - 0x00007ff817508000 	C:\WINDOWS\SYSTEM32\ntdll.dll
0x00007ff816940000 - 0x00007ff816a02000 	C:\WINDOWS\System32\KERNEL32.DLL
0x00007ff814cd0000 - 0x00007ff814fc6000 	C:\WINDOWS\System32\KERNELBASE.dll
0x00007ff8149a0000 - 0x00007ff814aa0000 	C:\WINDOWS\System32\ucrtbase.dll
0x00007ff8048c0000 - 0x00007ff8048d8000 	c:\Users\≥≤¿±¡÷\.vscode\extensions\redhat.java-1.50.0-win32-x64\jre\21.0.9-win32-x86_64\bin\jli.dll
0x00007ff817000000 - 0x00007ff8171a1000 	C:\WINDOWS\System32\USER32.dll
0x00007ff80c0e0000 - 0x00007ff80c0fe000 	c:\Users\≥≤¿±¡÷\.vscode\extensions\redhat.java-1.50.0-win32-x64\jre\21.0.9-win32-x86_64\bin\VCRUNTIME140.dll
0x00007ff814aa0000 - 0x00007ff814ac2000 	C:\WINDOWS\System32\win32u.dll
0x00007ff816f60000 - 0x00007ff816f8b000 	C:\WINDOWS\System32\GDI32.dll
0x00007ff814bb0000 - 0x00007ff814cc9000 	C:\WINDOWS\System32\gdi32full.dll
0x00007ff815050000 - 0x00007ff8150ed000 	C:\WINDOWS\System32\msvcp_win.dll
0x00007ff804d80000 - 0x00007ff80501b000 	C:\WINDOWS\WinSxS\amd64_microsoft.windows.common-controls_6595b64144ccf1df_6.0.19041.6456_none_60b8a6cb71f64256\COMCTL32.dll
0x00007ff8168a0000 - 0x00007ff81693e000 	C:\WINDOWS\System32\msvcrt.dll
0x00007ff815430000 - 0x00007ff81545f000 	C:\WINDOWS\System32\IMM32.DLL
0x00007ff80e9d0000 - 0x00007ff80e9dc000 	c:\Users\≥≤¿±¡÷\.vscode\extensions\redhat.java-1.50.0-win32-x64\jre\21.0.9-win32-x86_64\bin\vcruntime140_1.dll
0x00007fffe5010000 - 0x00007fffe509d000 	c:\Users\≥≤¿±¡÷\.vscode\extensions\redhat.java-1.50.0-win32-x64\jre\21.0.9-win32-x86_64\bin\msvcp140.dll
0x00007fffc61e0000 - 0x00007fffc6f80000 	c:\Users\≥≤¿±¡÷\.vscode\extensions\redhat.java-1.50.0-win32-x64\jre\21.0.9-win32-x86_64\bin\server\jvm.dll
0x00007ff816320000 - 0x00007ff8163d1000 	C:\WINDOWS\System32\ADVAPI32.dll
0x00007ff816a20000 - 0x00007ff816abf000 	C:\WINDOWS\System32\sechost.dll
0x00007ff8154f0000 - 0x00007ff815610000 	C:\WINDOWS\System32\RPCRT4.dll
0x00007ff8151a0000 - 0x00007ff8151c7000 	C:\WINDOWS\System32\bcrypt.dll
0x00007ff816f90000 - 0x00007ff816ffb000 	C:\WINDOWS\System32\WS2_32.dll
0x00007ff814800000 - 0x00007ff81484b000 	C:\WINDOWS\SYSTEM32\POWRPROF.dll
0x00007ff80a890000 - 0x00007ff80a8b7000 	C:\WINDOWS\SYSTEM32\WINMM.dll
0x00007ff80a8c0000 - 0x00007ff80a8ca000 	C:\WINDOWS\SYSTEM32\VERSION.dll
0x00007ff8147e0000 - 0x00007ff8147f2000 	C:\WINDOWS\SYSTEM32\UMPDC.dll
0x00007ff812810000 - 0x00007ff812822000 	C:\WINDOWS\SYSTEM32\kernel.appcore.dll
0x00007ff803ea0000 - 0x00007ff803eaa000 	c:\Users\≥≤¿±¡÷\.vscode\extensions\redhat.java-1.50.0-win32-x64\jre\21.0.9-win32-x86_64\bin\jimage.dll
0x00007ff80bc50000 - 0x00007ff80be51000 	C:\WINDOWS\SYSTEM32\DBGHELP.DLL
0x00007ffff6ce0000 - 0x00007ffff6d14000 	C:\WINDOWS\SYSTEM32\dbgcore.DLL
0x00007ff814ad0000 - 0x00007ff814b52000 	C:\WINDOWS\System32\bcryptPrimitives.dll
0x00007ff803e80000 - 0x00007ff803e8f000 	c:\Users\≥≤¿±¡÷\.vscode\extensions\redhat.java-1.50.0-win32-x64\jre\21.0.9-win32-x86_64\bin\instrument.dll
0x00007ff803af0000 - 0x00007ff803b10000 	c:\Users\≥≤¿±¡÷\.vscode\extensions\redhat.java-1.50.0-win32-x64\jre\21.0.9-win32-x86_64\bin\java.dll

JVMTI agents:
c:\Users\≥≤¿±¡÷\.vscode\extensions\redhat.java-1.50.0-win32-x64\lombok\lombok-1.18.39-4050.jar path:none, loaded, not initialized, instrumentlib options:none

dbghelp: loaded successfully - version: 4.0.5 - missing functions: none
symbol engine: initialized successfully - sym options: 0x614 - pdb path: .;c:\Users\≥≤¿±¡÷\.vscode\extensions\redhat.java-1.50.0-win32-x64\jre\21.0.9-win32-x86_64\bin;C:\WINDOWS\SYSTEM32;C:\WINDOWS\WinSxS\amd64_microsoft.windows.common-controls_6595b64144ccf1df_6.0.19041.6456_none_60b8a6cb71f64256;c:\Users\≥≤¿±¡÷\.vscode\extensions\redhat.java-1.50.0-win32-x64\jre\21.0.9-win32-x86_64\bin\;c:\Users\≥≤¿±¡÷\.vscode\extensions\redhat.java-1.50.0-win32-x64\jre\21.0.9-win32-x86_64\b

VM Arguments:
jvm_args: --add-modules=ALL-SYSTEM --add-opens=java.base/java.util=ALL-UNNAMED --add-opens=java.base/java.lang=ALL-UNNAMED --add-opens=java.base/sun.nio.fs=ALL-UNNAMED -Declipse.application=org.eclipse.jdt.ls.core.id1 -Dosgi.bundles.defaultStartLevel=4 -Declipse.product=org.eclipse.jdt.ls.core.product -Djava.import.generatesMetadataFilesAtProjectRoot=false -DDetectVMInstallationsJob.disabled=true -Dfile.encoding=utf8 -XX:+UseParallelGC -XX:GCTimeRatio=4 -XX:AdaptiveSizePolicyWeight=90 -Dsun.zip.disableMemoryMapping=true -Xmx2G -Xms100m -Xlog:disable -javaagent:c:\Users\≥≤¿±¡÷\.vscode\extensions\redhat.java-1.50.0-win32-x64\lombok\lombok-1.18.39-4050.jar -XX:+HeapDumpOnOutOfMemoryError -XX:HeapDumpPath=c:\Users\≥≤¿±¡÷\AppData\Roaming\Code\User\workspaceStorage\4643e5800a7e064f2486428207eb991d\redhat.java -Daether.dependencyCollector.impl=bf 
java_command: c:\Users\≥≤¿±¡÷\.vscode\extensions\redhat.java-1.50.0-win32-x64\server\plugins\org.eclipse.equinox.launcher_1.7.100.v20251111-0406.jar -configuration c:\Users\≥≤¿±¡÷\AppData\Roaming\Code\User\globalStorage\redhat.java\1.50.0\config_win -data c:\Users\≥≤¿±¡÷\AppData\Roaming\Code\User\workspaceStorage\4643e5800a7e064f2486428207eb991d\redhat.java\jdt_ws --pipe=\\.\pipe\lsp-6037cf98a148042bd8c3e8ffd0170932-sock
java_class_path (initial): c:\Users\≥≤¿±¡÷\.vscode\extensions\redhat.java-1.50.0-win32-x64\server\plugins\org.eclipse.equinox.launcher_1.7.100.v20251111-0406.jar
Launcher Type: SUN_STANDARD

[Global flags]
    uintx AdaptiveSizePolicyWeight                 = 90                                        {product} {command line}
     intx CICompilerCount                          = 4                                         {product} {ergonomic}
    uintx GCTimeRatio                              = 4                                         {product} {command line}
     bool HeapDumpOnOutOfMemoryError               = true                                   {manageable} {command line}
    ccstr HeapDumpPath                             = c:\Users\≥≤¿±¡÷\AppData\Roaming\Code\User\workspaceStorage\4643e5800a7e064f2486428207eb991d\redhat.java         {manageable} {command line}
   size_t InitialHeapSize                          = 104857600                                 {product} {command line}
   size_t MaxHeapSize                              = 2147483648                                {product} {command line}
   size_t MaxNewSize                               = 715653120                                 {product} {ergonomic}
   size_t MinHeapDeltaBytes                        = 524288                                    {product} {ergonomic}
   size_t MinHeapSize                              = 104857600                                 {product} {command line}
   size_t NewSize                                  = 34603008                                  {product} {ergonomic}
    uintx NonNMethodCodeHeapSize                   = 5839372                                {pd product} {ergonomic}
    uintx NonProfiledCodeHeapSize                  = 122909434                              {pd product} {ergonomic}
   size_t OldSize                                  = 70254592                                  {product} {ergonomic}
    uintx ProfiledCodeHeapSize                     = 122909434                              {pd product} {ergonomic}
    uintx ReservedCodeCacheSize                    = 251658240                              {pd product} {ergonomic}
     bool SegmentedCodeCache                       = true                                      {product} {ergonomic}
   size_t SoftMaxHeapSize                          = 2147483648                             {manageable} {ergonomic}
     bool UseCompressedOops                        = true                           {product lp64_product} {ergonomic}
     bool UseLargePagesIndividualAllocation        = false                                  {pd product} {ergonomic}
     bool UseParallelGC                            = true                                      {product} {command line}

Logging:
Log output configuration:
 #0: stdout all=off uptime,level,tags foldmultilines=false
 #1: stderr all=off uptime,level,tags foldmultilines=false

Release file:
<release file has not been read>
Environment Variables:
JAVA_HOME=C:\Program Files\Java\jdk-21
CLASSPATH=C:\Program Files\Java\jdk-21/lib
PATH=C:\datab\WINDOWS.X64_213000_db_home\bin;C:\Program Files\Common Files\Oracle\Java\javapath;C:\WINDOWS\system32;C:\WINDOWS;C:\WINDOWS\System32\Wbem;C:\WINDOWS\System32\WindowsPowerShell\v1.0\;C:\WINDOWS\System32\OpenSSH\;C:\Program Files\Git\cmd;C:\sqlite;C:\Program Files\nodejs\;C:\Program Files\Git\usr\bin;C:\Program Files\Java\jdk-21\bin;C:\Users\≥≤¿±¡÷\AppData\Local\Programs\Python\Python313\Scripts\;C:\Users\≥≤¿±¡÷\AppData\Local\Programs\Python\Python313\;C:\Users\≥≤¿±¡÷\AppData\Local\Programs\Python\Launcher\;C:\Users\≥≤¿±¡÷\AppData\Local\Microsoft\WindowsApps;C:\Users\≥≤¿±¡÷\AppData\Local\Programs\Microsoft VS Code\bin;C:\Program Files\JetBrains\PyCharm 2025.1.3.1\bin;;C:\Users\≥≤¿±¡÷\AppData\Roaming\npm
USERNAME=≥≤¿±¡÷
OS=Windows_NT
PROCESSOR_IDENTIFIER=AMD64 Family 23 Model 17 Stepping 0, AuthenticAMD
TMP=C:\Users\≥≤¿±¡÷\AppData\Local\Temp
TEMP=C:\Users\≥≤¿±¡÷\AppData\Local\Temp




Periodic native trim disabled

---------------  S Y S T E M  ---------------

OS:
 Windows 10 , 64 bit Build 19041 (10.0.19041.5915)
OS uptime: 0 days 2:22 hours

CPU: total 8 (initial active 8) (8 cores per cpu, 2 threads per core) family 23 model 17 stepping 0 microcode 0x0, cx8, cmov, fxsr, ht, mmx, 3dnowpref, sse, sse2, sse3, ssse3, sse4a, sse4.1, sse4.2, popcnt, lzcnt, tsc, tscinvbit, avx, avx2, aes, clmul, bmi1, bmi2, adx, sha, fma, vzeroupper, clflush, clflushopt, rdtscp, f16c
Processor Information for the first 8 processors :
  Max Mhz: 2000, Current Mhz: 2000, Mhz Limit: 2000

Memory: 4k page, system-wide physical 6045M (330M free)
TotalPageFile size 18333M (AvailPageFile size 1M)
current process WorkingSet (physical memory assigned to process): 24M, peak: 24M
current process commit charge ("private bytes"): 192M, peak: 193M

vm_info: OpenJDK 64-Bit Server VM (21.0.9+10-LTS) for windows-amd64 JRE (21.0.9+10-LTS), built on 2025-10-21T00:00:00Z by "admin" with unknown MS VC++:1942

END.
