#
# There is insufficient memory for the Java Runtime Environment to continue.
# Native memory allocation (malloc) failed to allocate 32744 bytes. Error detail: Chunk::new
# Possible reasons:
#   The system is out of physical RAM or swap space
#   This process is running with CompressedOops enabled, and the Java Heap may be blocking the growth of the native heap
# Possible solutions:
#   Reduce memory load on the system
#   Increase physical memory or swap space
#   Check if swap backing store is full
#   Decrease Java heap size (-Xmx/-Xms)
#   Decrease number of Java threads
#   Decrease Java thread stack sizes (-Xss)
#   Set larger code cache with -XX:ReservedCodeCacheSize=
#   JVM is running with Unscaled Compressed Oops mode in which the Java heap is
#     placed in the first 4GB address space. The Java Heap base address is the
#     maximum limit for the native heap growth. Please use -XX:HeapBaseMinAddress
#     to set the Java Heap base and to place the Java Heap above 4GB virtual address.
# This output file may be truncated or incomplete.
#
#  Out of Memory Error (arena.cpp:168), pid=2792, tid=18512
#
# JRE version: OpenJDK Runtime Environment Temurin-21.0.9+10 (21.0.9+10) (build 21.0.9+10-LTS)
# Java VM: OpenJDK 64-Bit Server VM Temurin-21.0.9+10 (21.0.9+10-LTS, mixed mode, sharing, tiered, compressed oops, compressed class ptrs, parallel gc, windows-amd64)
# No core dump will be written. Minidumps are not enabled by default on client versions of Windows
#

---------------  S U M M A R Y ------------

Command Line: --add-modules=ALL-SYSTEM --add-opens=java.base/java.util=ALL-UNNAMED --add-opens=java.base/java.lang=ALL-UNNAMED --add-opens=java.base/sun.nio.fs=ALL-UNNAMED -Declipse.application=org.eclipse.jdt.ls.core.id1 -Dosgi.bundles.defaultStartLevel=4 -Declipse.product=org.eclipse.jdt.ls.core.product -Djava.import.generatesMetadataFilesAtProjectRoot=false -DDetectVMInstallationsJob.disabled=true -Dfile.encoding=utf8 -XX:+UseParallelGC -XX:GCTimeRatio=4 -XX:AdaptiveSizePolicyWeight=90 -Dsun.zip.disableMemoryMapping=true -Xmx2G -Xms100m -Xlog:disable -javaagent:c:\Users\≥≤¿±¡÷\.vscode\extensions\redhat.java-1.50.0-win32-x64\lombok\lombok-1.18.39-4050.jar c:\Users\≥≤¿±¡÷\.vscode\extensions\redhat.java-1.50.0-win32-x64\server\plugins\org.eclipse.equinox.launcher_1.7.100.v20251111-0406.jar -configuration c:\Users\≥≤¿±¡÷\AppData\Roaming\Code\User\globalStorage\redhat.java\1.50.0\config_ss_win -data c:\Users\≥≤¿±¡÷\AppData\Roaming\Code\User\workspaceStorage\4643e5800a7e064f2486428207eb991d\redhat.java\ss_ws --pipe=\\.\pipe\lsp-478e256e008fed96653ea3e5c74a80fd-sock

Host: AMD Ryzen 5 2500U with Radeon Vega Mobile Gfx  , 8 cores, 5G,  Windows 10 , 64 bit Build 19041 (10.0.19041.5915)
Time: Tue Dec 16 16:48:04 2025 elapsed time: 0.131242 seconds (0d 0h 0m 0s)

---------------  T H R E A D  ---------------

Current thread (0x000002b1dcf7f0f0):  JavaThread "C1 CompilerThread0" daemon [_thread_in_native, id=18512, stack(0x000000ed6c900000,0x000000ed6ca00000) (1024K)]


Current CompileTask:
C1:131  158   !   3       java.util.concurrent.ConcurrentHashMap::putVal (432 bytes)

Stack: [0x000000ed6c900000,0x000000ed6ca00000]
Native frames: (J=compiled Java code, j=interpreted, Vv=VM code, C=native code)
V  [jvm.dll+0x6d6e29]
V  [jvm.dll+0x8b4b76]
V  [jvm.dll+0x8b712e]
V  [jvm.dll+0x8b7813]
V  [jvm.dll+0x283d86]
V  [jvm.dll+0xc66ed]
V  [jvm.dll+0xc6c31]
V  [jvm.dll+0x15606b]
V  [jvm.dll+0x19b4cf]
V  [jvm.dll+0x19a204]
V  [jvm.dll+0x19a4ca]
V  [jvm.dll+0x19c71e]
V  [jvm.dll+0x157375]
V  [jvm.dll+0x156c17]
V  [jvm.dll+0x156e44]
V  [jvm.dll+0x15625c]
V  [jvm.dll+0x157fed]
V  [jvm.dll+0x25b29d]
V  [jvm.dll+0x25982a]
V  [jvm.dll+0x3f7ea6]
V  [jvm.dll+0x85e9ad]
V  [jvm.dll+0x6d565d]
C  [ucrtbase.dll+0x21bb2]
C  [KERNEL32.DLL+0x17374]
C  [ntdll.dll+0x4cc91]


---------------  P R O C E S S  ---------------

Threads class SMR info:
_java_thread_list=0x000002b1de9b2640, length=10, elements={
0x000002b1c64f1950, 0x000002b1dcf609a0, 0x000002b1dcf615f0, 0x000002b1dcf66dc0,
0x000002b1dcf6a240, 0x000002b1dcf68e90, 0x000002b1dcf67450, 0x000002b1dcf7de10,
0x000002b1dcf7f0f0, 0x000002b1dcf68800
}

Java Threads: ( => current thread )
  0x000002b1c64f1950 JavaThread "main"                              [_thread_in_vm, id=8148, stack(0x000000ed6be00000,0x000000ed6bf00000) (1024K)]
  0x000002b1dcf609a0 JavaThread "Reference Handler"          daemon [_thread_blocked, id=17456, stack(0x000000ed6c200000,0x000000ed6c300000) (1024K)]
  0x000002b1dcf615f0 JavaThread "Finalizer"                  daemon [_thread_blocked, id=13952, stack(0x000000ed6c300000,0x000000ed6c400000) (1024K)]
  0x000002b1dcf66dc0 JavaThread "Signal Dispatcher"          daemon [_thread_blocked, id=6360, stack(0x000000ed6c400000,0x000000ed6c500000) (1024K)]
  0x000002b1dcf6a240 JavaThread "Attach Listener"            daemon [_thread_blocked, id=4608, stack(0x000000ed6c500000,0x000000ed6c600000) (1024K)]
  0x000002b1dcf68e90 JavaThread "Service Thread"             daemon [_thread_blocked, id=1504, stack(0x000000ed6c600000,0x000000ed6c700000) (1024K)]
  0x000002b1dcf67450 JavaThread "Monitor Deflation Thread"   daemon [_thread_blocked, id=7176, stack(0x000000ed6c700000,0x000000ed6c800000) (1024K)]
  0x000002b1dcf7de10 JavaThread "C2 CompilerThread0"         daemon [_thread_in_native, id=3132, stack(0x000000ed6c800000,0x000000ed6c900000) (1024K)]
=>0x000002b1dcf7f0f0 JavaThread "C1 CompilerThread0"         daemon [_thread_in_native, id=18512, stack(0x000000ed6c900000,0x000000ed6ca00000) (1024K)]
  0x000002b1dcf68800 JavaThread "Common-Cleaner"             daemon [_thread_blocked, id=7288, stack(0x000000ed6ca00000,0x000000ed6cb00000) (1024K)]
Total: 10

Other Threads:
  0x000002b1dcf52510 VMThread "VM Thread"                           [id=19644, stack(0x000000ed6c100000,0x000000ed6c200000) (1024K)]
  0x000002b1c655bda0 WatcherThread "VM Periodic Task Thread"        [id=2668, stack(0x000000ed6c000000,0x000000ed6c100000) (1024K)]
  0x000002b1c650f560 WorkerThread "GC Thread#0"                     [id=13744, stack(0x000000ed6bf00000,0x000000ed6c000000) (1024K)]
Total: 3

Threads with active compile tasks:
C2 CompilerThread0  208  152       4       java.util.HashMap::putVal (300 bytes)
C1 CompilerThread0  208  158   !   3       java.util.concurrent.ConcurrentHashMap::putVal (432 bytes)
Total: 2

VM state: not at safepoint (normal execution)

VM Mutex/Monitor currently owned by a thread: None

Heap address: 0x0000000080000000, size: 2048 MB, Compressed Oops mode: 32-bit

CDS archive(s) mapped at: [0x000002b180000000-0x000002b180ba0000-0x000002b180ba0000), size 12189696, SharedBaseAddress: 0x000002b180000000, ArchiveRelocationMode: 1.
Compressed class space mapped at: 0x000002b181000000-0x000002b1c1000000, reserved size: 1073741824
Narrow klass base: 0x000002b180000000, Narrow klass shift: 0, Narrow klass range: 0x100000000

GC Precious Log:
 CardTable entry size: 512
 CPUs: 8 total, 8 available
 Memory: 6045M
 Large Page Support: Disabled
 NUMA Support: Disabled
 Compressed Oops: Enabled (32-bit)
 Alignments: Space 512K, Generation 512K, Heap 2M
 Heap Min Capacity: 100M
 Heap Initial Capacity: 100M
 Heap Max Capacity: 2G
 Pre-touch: Disabled
 Parallel Workers: 8

Heap:
 PSYoungGen      total 29696K, used 4096K [0x00000000d5580000, 0x00000000d7680000, 0x0000000100000000)
  eden space 25600K, 16% used [0x00000000d5580000,0x00000000d5980240,0x00000000d6e80000)
  from space 4096K, 0% used [0x00000000d7280000,0x00000000d7280000,0x00000000d7680000)
  to   space 4096K, 0% used [0x00000000d6e80000,0x00000000d6e80000,0x00000000d7280000)
 ParOldGen       total 68608K, used 0K [0x0000000080000000, 0x0000000084300000, 0x00000000d5580000)
  object space 68608K, 0% used [0x0000000080000000,0x0000000080000000,0x0000000084300000)
 Metaspace       used 378K, committed 576K, reserved 1114112K
  class space    used 28K, committed 128K, reserved 1048576K

Card table byte_map: [0x000002b1c5ea0000,0x000002b1c62b0000] _byte_map_base: 0x000002b1c5aa0000

Marking Bits: (ParMarkBitMap*) 0x00007fffc6ea2460
 Begin Bits: [0x000002b1d89b0000, 0x000002b1da9b0000)
 End Bits:   [0x000002b1da9b0000, 0x000002b1dc9b0000)

Polling page: 0x000002b1c4430000

Metaspace:

Usage:
  Non-class:    350.30 KB used.
      Class:     28.27 KB used.
       Both:    378.58 KB used.

Virtual space:
  Non-class space:       64.00 MB reserved,     448.00 KB ( <1%) committed,  1 nodes.
      Class space:        1.00 GB reserved,     128.00 KB ( <1%) committed,  1 nodes.
             Both:        1.06 GB reserved,     576.00 KB ( <1%) committed. 

Chunk freelists:
   Non-Class:  11.99 MB
       Class:  15.75 MB
        Both:  27.74 MB

MaxMetaspaceSize: unlimited
CompressedClassSpaceSize: 1.00 GB
Initial GC threshold: 21.00 MB
Current GC threshold: 21.00 MB
CDS: on
 - commit_granule_bytes: 65536.
 - commit_granule_words: 8192.
 - virtual_space_node_default_size: 8388608.
 - enlarge_chunks_in_place: 1.
 - use_allocation_guard: 0.


Internal statistics:

num_allocs_failed_limit: 0.
num_arena_births: 8.
num_arena_deaths: 0.
num_vsnodes_births: 2.
num_vsnodes_deaths: 0.
num_space_committed: 9.
num_space_uncommitted: 0.
num_chunks_returned_to_freelist: 0.
num_chunks_taken_from_freelist: 9.
num_chunk_merges: 0.
num_chunk_splits: 6.
num_chunks_enlarged: 3.
num_inconsistent_stats: 0.

CodeHeap 'non-profiled nmethods': size=120000Kb used=52Kb max_used=52Kb free=119947Kb
 bounds [0x000002b1d11d0000, 0x000002b1d1440000, 0x000002b1d8700000]
CodeHeap 'profiled nmethods': size=120000Kb used=158Kb max_used=158Kb free=119841Kb
 bounds [0x000002b1c9700000, 0x000002b1c9970000, 0x000002b1d0c30000]
CodeHeap 'non-nmethods': size=5760Kb used=1145Kb max_used=1145Kb free=4614Kb
 bounds [0x000002b1d0c30000, 0x000002b1d0ea0000, 0x000002b1d11d0000]
CodeCache: size=245760Kb, used=1355Kb, max_used=1355Kb, free=244402Kb
 total_blobs=545, nmethods=153, adapters=299, full_count=0
Compilation: enabled, stopped_count=0, restarted_count=0

Compilation events (20 events):
Event: 0.121 Thread 0x000002b1dcf7f0f0 nmethod 145 0x000002b1c9725390 code [0x000002b1c9725540, 0x000002b1c9725708]
Event: 0.121 Thread 0x000002b1dcf7f0f0  108       3       java.util.ImmutableCollections$MapN::get (35 bytes)
Event: 0.121 Thread 0x000002b1dcf7f0f0 nmethod 108 0x000002b1c9725810 code [0x000002b1c9725a00, 0x000002b1c9725da0]
Event: 0.121 Thread 0x000002b1dcf7f0f0  112       1       jdk.internal.module.ModuleReferenceImpl::moduleResolution (5 bytes)
Event: 0.121 Thread 0x000002b1dcf7f0f0 nmethod 112 0x000002b1d11dab90 code [0x000002b1d11dad20, 0x000002b1d11dade8]
Event: 0.121 Thread 0x000002b1dcf7f0f0  139       1       java.lang.module.ModuleDescriptor::provides (5 bytes)
Event: 0.121 Thread 0x000002b1dcf7de10 nmethod 142 0x000002b1d11dae90 code [0x000002b1d11db020, 0x000002b1d11db150]
Event: 0.121 Thread 0x000002b1dcf7f0f0 nmethod 139 0x000002b1d11db290 code [0x000002b1d11db420, 0x000002b1d11db4e8]
Event: 0.121 Thread 0x000002b1dcf7de10  144       4       java.lang.module.ModuleDescriptor$Exports::isQualified (18 bytes)
Event: 0.121 Thread 0x000002b1dcf7f0f0  143       1       java.lang.module.ModuleDescriptor::uses (5 bytes)
Event: 0.121 Thread 0x000002b1dcf7f0f0 nmethod 143 0x000002b1d11db590 code [0x000002b1d11db720, 0x000002b1d11db7e8]
Event: 0.121 Thread 0x000002b1dcf7f0f0  151       3       java.util.HashMap::containsKey (14 bytes)
Event: 0.121 Thread 0x000002b1dcf7f0f0 nmethod 151 0x000002b1c9725f10 code [0x000002b1c97260c0, 0x000002b1c9726248]
Event: 0.121 Thread 0x000002b1dcf7f0f0  148       3       java.lang.String::<init> (15 bytes)
Event: 0.122 Thread 0x000002b1dcf7f0f0 nmethod 148 0x000002b1c9726310 code [0x000002b1c97264c0, 0x000002b1c9726648]
Event: 0.122 Thread 0x000002b1dcf7f0f0  150       3       java.util.Arrays::copyOfRange (25 bytes)
Event: 0.122 Thread 0x000002b1dcf7de10 nmethod 144 0x000002b1d11db890 code [0x000002b1d11dba20, 0x000002b1d11dbb00]
Event: 0.122 Thread 0x000002b1dcf7de10  152       4       java.util.HashMap::putVal (300 bytes)
Event: 0.122 Thread 0x000002b1dcf7f0f0 nmethod 150 0x000002b1c9726710 code [0x000002b1c97269c0, 0x000002b1c9727568]
Event: 0.122 Thread 0x000002b1dcf7f0f0  158   !   3       java.util.concurrent.ConcurrentHashMap::putVal (432 bytes)

GC Heap History (0 events):
No events

Dll operation events (2 events):
Event: 0.021 Loaded shared library c:\Users\≥≤¿±¡÷\.vscode\extensions\redhat.java-1.50.0-win32-x64\jre\21.0.9-win32-x86_64\bin\java.dll
Event: 0.061 Loaded shared library c:\Users\≥≤¿±¡÷\.vscode\extensions\redhat.java-1.50.0-win32-x64\jre\21.0.9-win32-x86_64\bin\zip.dll

Deoptimization events (0 events):
No events

Classes loaded (16 events):
Event: 0.059 Loading class sun/nio/cs/MS949
Event: 0.062 Loading class sun/nio/cs/MS949 done
Event: 0.063 Loading class sun/nio/cs/DoubleByte$Decoder
Event: 0.063 Loading class sun/nio/cs/DelegatableDecoder
Event: 0.063 Loading class sun/nio/cs/DelegatableDecoder done
Event: 0.063 Loading class sun/nio/cs/DoubleByte$Decoder done
Event: 0.063 Loading class sun/nio/cs/MS949$DecodeHolder
Event: 0.064 Loading class sun/nio/cs/MS949$DecodeHolder done
Event: 0.064 Loading class sun/nio/cs/DoubleByte
Event: 0.065 Loading class sun/nio/cs/DoubleByte done
Event: 0.070 Loading class sun/nio/cs/DoubleByte$Encoder
Event: 0.070 Loading class sun/nio/cs/DoubleByte$Encoder done
Event: 0.070 Loading class sun/nio/cs/MS949$EncodeHolder
Event: 0.070 Loading class sun/nio/cs/MS949$EncodeHolder done
Event: 0.114 Loading class jdk/internal/module/ModuleReferenceImpl$CachedHash
Event: 0.114 Loading class jdk/internal/module/ModuleReferenceImpl$CachedHash done

Classes unloaded (0 events):
No events

Classes redefined (0 events):
No events

Internal exceptions (1 events):
Event: 0.109 Thread 0x000002b1c64f1950 Exception <a 'java/lang/NoSuchMethodError'{0x00000000d57e5b88}: 'void java.lang.invoke.DirectMethodHandle$Holder.invokeStatic(java.lang.Object, java.lang.Object, java.lang.Object)'> (0x00000000d57e5b88) 
thrown [s\src\hotspot\share\interpreter\linkResolver.cpp, line 773]

ZGC Phase Switch (0 events):
No events

VM Operations (2 events):
Event: 0.113 Executing VM operation: HandshakeAllThreads (Deoptimize)
Event: 0.113 Executing VM operation: HandshakeAllThreads (Deoptimize) done

Memory protections (0 events):
No events

Nmethod flushes (0 events):
No events

Events (9 events):
Event: 0.039 Thread 0x000002b1c64f1950 Thread added: 0x000002b1c64f1950
Event: 0.076 Thread 0x000002b1c64f1950 Thread added: 0x000002b1dcf609a0
Event: 0.076 Thread 0x000002b1c64f1950 Thread added: 0x000002b1dcf615f0
Event: 0.076 Thread 0x000002b1c64f1950 Thread added: 0x000002b1dcf66dc0
Event: 0.076 Thread 0x000002b1c64f1950 Thread added: 0x000002b1dcf6a240
Event: 0.077 Thread 0x000002b1c64f1950 Thread added: 0x000002b1dcf68e90
Event: 0.077 Thread 0x000002b1c64f1950 Thread added: 0x000002b1dcf67450
Event: 0.077 Thread 0x000002b1c64f1950 Thread added: 0x000002b1dcf7de10
Event: 0.077 Thread 0x000002b1c64f1950 Thread added: 0x000002b1dcf7f0f0


Dynamic libraries:
0x00007ff6066a0000 - 0x00007ff6066ae000 	c:\Users\≥≤¿±¡÷\.vscode\extensions\redhat.java-1.50.0-win32-x64\jre\21.0.9-win32-x86_64\bin\java.exe
0x00007ff817310000 - 0x00007ff817508000 	C:\WINDOWS\SYSTEM32\ntdll.dll
0x00007ff816940000 - 0x00007ff816a02000 	C:\WINDOWS\System32\KERNEL32.DLL
0x00007ff814cd0000 - 0x00007ff814fc6000 	C:\WINDOWS\System32\KERNELBASE.dll
0x00007ff8149a0000 - 0x00007ff814aa0000 	C:\WINDOWS\System32\ucrtbase.dll
0x00007ff80c0e0000 - 0x00007ff80c0fe000 	c:\Users\≥≤¿±¡÷\.vscode\extensions\redhat.java-1.50.0-win32-x64\jre\21.0.9-win32-x86_64\bin\VCRUNTIME140.dll
0x00007ff8048c0000 - 0x00007ff8048d8000 	c:\Users\≥≤¿±¡÷\.vscode\extensions\redhat.java-1.50.0-win32-x64\jre\21.0.9-win32-x86_64\bin\jli.dll
0x00007ff817000000 - 0x00007ff8171a1000 	C:\WINDOWS\System32\USER32.dll
0x00007ff804d80000 - 0x00007ff80501b000 	C:\WINDOWS\WinSxS\amd64_microsoft.windows.common-controls_6595b64144ccf1df_6.0.19041.6456_none_60b8a6cb71f64256\COMCTL32.dll
0x00007ff814aa0000 - 0x00007ff814ac2000 	C:\WINDOWS\System32\win32u.dll
0x00007ff8168a0000 - 0x00007ff81693e000 	C:\WINDOWS\System32\msvcrt.dll
0x00007ff816f60000 - 0x00007ff816f8b000 	C:\WINDOWS\System32\GDI32.dll
0x00007ff814bb0000 - 0x00007ff814cc9000 	C:\WINDOWS\System32\gdi32full.dll
0x00007ff815050000 - 0x00007ff8150ed000 	C:\WINDOWS\System32\msvcp_win.dll
0x00007ff815430000 - 0x00007ff81545f000 	C:\WINDOWS\System32\IMM32.DLL
0x00007ff80e9d0000 - 0x00007ff80e9dc000 	c:\Users\≥≤¿±¡÷\.vscode\extensions\redhat.java-1.50.0-win32-x64\jre\21.0.9-win32-x86_64\bin\vcruntime140_1.dll
0x00007fffe5010000 - 0x00007fffe509d000 	c:\Users\≥≤¿±¡÷\.vscode\extensions\redhat.java-1.50.0-win32-x64\jre\21.0.9-win32-x86_64\bin\msvcp140.dll
0x00007fffc61e0000 - 0x00007fffc6f80000 	c:\Users\≥≤¿±¡÷\.vscode\extensions\redhat.java-1.50.0-win32-x64\jre\21.0.9-win32-x86_64\bin\server\jvm.dll
0x00007ff816320000 - 0x00007ff8163d1000 	C:\WINDOWS\System32\ADVAPI32.dll
0x00007ff816a20000 - 0x00007ff816abf000 	C:\WINDOWS\System32\sechost.dll
0x00007ff8154f0000 - 0x00007ff815610000 	C:\WINDOWS\System32\RPCRT4.dll
0x00007ff8151a0000 - 0x00007ff8151c7000 	C:\WINDOWS\System32\bcrypt.dll
0x00007ff816f90000 - 0x00007ff816ffb000 	C:\WINDOWS\System32\WS2_32.dll
0x00007ff814800000 - 0x00007ff81484b000 	C:\WINDOWS\SYSTEM32\POWRPROF.dll
0x00007ff80a890000 - 0x00007ff80a8b7000 	C:\WINDOWS\SYSTEM32\WINMM.dll
0x00007ff80a8c0000 - 0x00007ff80a8ca000 	C:\WINDOWS\SYSTEM32\VERSION.dll
0x00007ff8147e0000 - 0x00007ff8147f2000 	C:\WINDOWS\SYSTEM32\UMPDC.dll
0x00007ff812810000 - 0x00007ff812822000 	C:\WINDOWS\SYSTEM32\kernel.appcore.dll
0x00007ff803ea0000 - 0x00007ff803eaa000 	c:\Users\≥≤¿±¡÷\.vscode\extensions\redhat.java-1.50.0-win32-x64\jre\21.0.9-win32-x86_64\bin\jimage.dll
0x00007ff80bc50000 - 0x00007ff80be51000 	C:\WINDOWS\SYSTEM32\DBGHELP.DLL
0x00007ffff6ce0000 - 0x00007ffff6d14000 	C:\WINDOWS\SYSTEM32\dbgcore.DLL
0x00007ff814ad0000 - 0x00007ff814b52000 	C:\WINDOWS\System32\bcryptPrimitives.dll
0x00007ff803e80000 - 0x00007ff803e8f000 	c:\Users\≥≤¿±¡÷\.vscode\extensions\redhat.java-1.50.0-win32-x64\jre\21.0.9-win32-x86_64\bin\instrument.dll
0x00007ff803af0000 - 0x00007ff803b10000 	c:\Users\≥≤¿±¡÷\.vscode\extensions\redhat.java-1.50.0-win32-x64\jre\21.0.9-win32-x86_64\bin\java.dll
0x00007ff815740000 - 0x00007ff815eb0000 	C:\WINDOWS\System32\SHELL32.dll
0x00007ff812a10000 - 0x00007ff8131b5000 	C:\WINDOWS\SYSTEM32\windows.storage.dll
0x00007ff816b30000 - 0x00007ff816e84000 	C:\WINDOWS\System32\combase.dll
0x00007ff8142f0000 - 0x00007ff81431b000 	C:\WINDOWS\SYSTEM32\Wldp.dll
0x00007ff816e90000 - 0x00007ff816f5d000 	C:\WINDOWS\System32\OLEAUT32.dll
0x00007ff817220000 - 0x00007ff8172cd000 	C:\WINDOWS\System32\SHCORE.dll
0x00007ff8171c0000 - 0x00007ff81721b000 	C:\WINDOWS\System32\shlwapi.dll
0x00007ff8148d0000 - 0x00007ff8148f4000 	C:\WINDOWS\SYSTEM32\profapi.dll
0x00007ff8010c0000 - 0x00007ff8010d8000 	c:\Users\≥≤¿±¡÷\.vscode\extensions\redhat.java-1.50.0-win32-x64\jre\21.0.9-win32-x86_64\bin\zip.dll
0x00007ff803bb0000 - 0x00007ff803bc0000 	C:\Users\≥≤¿±¡÷\.vscode\extensions\redhat.java-1.50.0-win32-x64\jre\21.0.9-win32-x86_64\bin\net.dll
0x00007ff80cd20000 - 0x00007ff80ce2a000 	C:\WINDOWS\SYSTEM32\WINHTTP.dll
0x00007ff814050000 - 0x00007ff8140ba000 	C:\WINDOWS\system32\mswsock.dll
0x00007ff800cf0000 - 0x00007ff800d06000 	C:\Users\≥≤¿±¡÷\.vscode\extensions\redhat.java-1.50.0-win32-x64\jre\21.0.9-win32-x86_64\bin\nio.dll

JVMTI agents:
c:\Users\≥≤¿±¡÷\.vscode\extensions\redhat.java-1.50.0-win32-x64\lombok\lombok-1.18.39-4050.jar path:C:\WINDOWS\System32\GDI32.dll, loaded, initialized, instrumentlib options:none

dbghelp: loaded successfully - version: 4.0.5 - missing functions: none
symbol engine: initialized successfully - sym options: 0x614 - pdb path: .;c:\Users\≥≤¿±¡÷\.vscode\extensions\redhat.java-1.50.0-win32-x64\jre\21.0.9-win32-x86_64\bin;C:\WINDOWS\SYSTEM32;C:\WINDOWS\WinSxS\amd64_microsoft.windows.common-controls_6595b64144ccf1df_6.0.19041.6456_none_60b8a6cb71f64256;c:\Users\≥≤¿±¡÷\.vscode\extensions\redhat.java-1.50.0-win32-x64\jre\21.0.9-win32-x86_64\bin\;c:\Users\≥≤¿±¡÷\.vscode\extensions\redhat.java-1.50.0-win32-x64\jre\21.0.9-win32-x86_64\b;c:\Users\≥≤¿±¡÷\.vscode\extensions\redhat.java-1.50.0-win32-x64\jre\21.0.9-win32-x86_6;c:\Users\≥≤¿±¡÷\.vscode\extensions\redhat.java-1.50.0-win32-x64\jre\21.0.9-win32-x8;c:\Users\≥≤¿±¡÷\.vscode\extensions\redhat.java-1.50.0-win32-x64\jre\21.0.9-win32;c:\Users\≥≤¿±¡÷\.vscode\extensions\redhat.java-1.50.0-win32-x64\jre\21.0.9-wi

VM Arguments:
jvm_args: --add-modules=ALL-SYSTEM --add-opens=java.base/java.util=ALL-UNNAMED --add-opens=java.base/java.lang=ALL-UNNAMED --add-opens=java.base/sun.nio.fs=ALL-UNNAMED -Declipse.application=org.eclipse.jdt.ls.core.id1 -Dosgi.bundles.defaultStartLevel=4 -Declipse.product=org.eclipse.jdt.ls.core.product -Djava.import.generatesMetadataFilesAtProjectRoot=false -DDetectVMInstallationsJob.disabled=true -Dfile.encoding=utf8 -XX:+UseParallelGC -XX:GCTimeRatio=4 -XX:AdaptiveSizePolicyWeight=90 -Dsun.zip.disableMemoryMapping=true -Xmx2G -Xms100m -Xlog:disable -javaagent:c:\Users\≥≤¿±¡÷\.vscode\extensions\redhat.java-1.50.0-win32-x64\lombok\lombok-1.18.39-4050.jar 
java_command: c:\Users\≥≤¿±¡÷\.vscode\extensions\redhat.java-1.50.0-win32-x64\server\plugins\org.eclipse.equinox.launcher_1.7.100.v20251111-0406.jar -configuration c:\Users\≥≤¿±¡÷\AppData\Roaming\Code\User\globalStorage\redhat.java\1.50.0\config_ss_win -data c:\Users\≥≤¿±¡÷\AppData\Roaming\Code\User\workspaceStorage\4643e5800a7e064f2486428207eb991d\redhat.java\ss_ws --pipe=\\.\pipe\lsp-478e256e008fed96653ea3e5c74a80fd-sock
java_class_path (initial): c:\Users\≥≤¿±¡÷\.vscode\extensions\redhat.java-1.50.0-win32-x64\server\plugins\org.eclipse.equinox.launcher_1.7.100.v20251111-0406.jar
Launcher Type: SUN_STANDARD

[Global flags]
    uintx AdaptiveSizePolicyWeight                 = 90                                        {product} {command line}
     intx CICompilerCount                          = 4                                         {product} {ergonomic}
    uintx GCTimeRatio                              = 4                                         {product} {command line}
   size_t InitialHeapSize                          = 104857600                                 {product} {command line}
   size_t MaxHeapSize                              = 2147483648                                {product} {command line}
   size_t MaxNewSize                               = 715653120                                 {product} {ergonomic}
   size_t MinHeapDeltaBytes                        = 524288                                    {product} {ergonomic}
   size_t MinHeapSize                              = 104857600                                 {product} {command line}
   size_t NewSize                                  = 34603008                                  {product} {ergonomic}
    uintx NonNMethodCodeHeapSize                   = 5839372                                {pd product} {ergonomic}
    uintx NonProfiledCodeHeapSize                  = 122909434                              {pd product} {ergonomic}
   size_t OldSize                                  = 70254592                                  {product} {ergonomic}
    uintx ProfiledCodeHeapSize                     = 122909434                              {pd product} {ergonomic}
    uintx ReservedCodeCacheSize                    = 251658240                              {pd product} {ergonomic}
     bool SegmentedCodeCache                       = true                                      {product} {ergonomic}
   size_t SoftMaxHeapSize                          = 2147483648                             {manageable} {ergonomic}
     bool UseCompressedOops                        = true                           {product lp64_product} {ergonomic}
     bool UseLargePagesIndividualAllocation        = false                                  {pd product} {ergonomic}
     bool UseParallelGC                            = true                                      {product} {command line}

Logging:
Log output configuration:
 #0: stdout all=off uptime,level,tags foldmultilines=false
 #1: stderr all=off uptime,level,tags foldmultilines=false

Release file:
<release file has not been read>
Environment Variables:
JAVA_HOME=C:\Program Files\Java\jdk-21
CLASSPATH=C:\Program Files\Java\jdk-21/lib
PATH=C:\datab\WINDOWS.X64_213000_db_home\bin;C:\Program Files\Common Files\Oracle\Java\javapath;C:\WINDOWS\system32;C:\WINDOWS;C:\WINDOWS\System32\Wbem;C:\WINDOWS\System32\WindowsPowerShell\v1.0\;C:\WINDOWS\System32\OpenSSH\;C:\Program Files\Git\cmd;C:\sqlite;C:\Program Files\nodejs\;C:\Program Files\Git\usr\bin;C:\Program Files\Java\jdk-21\bin;C:\Users\≥≤¿±¡÷\AppData\Local\Programs\Python\Python313\Scripts\;C:\Users\≥≤¿±¡÷\AppData\Local\Programs\Python\Python313\;C:\Users\≥≤¿±¡÷\AppData\Local\Programs\Python\Launcher\;C:\Users\≥≤¿±¡÷\AppData\Local\Microsoft\WindowsApps;C:\Users\≥≤¿±¡÷\AppData\Local\Programs\Microsoft VS Code\bin;C:\Program Files\JetBrains\PyCharm 2025.1.3.1\bin;;C:\Users\≥≤¿±¡÷\AppData\Roaming\npm
USERNAME=≥≤¿±¡÷
OS=Windows_NT
PROCESSOR_IDENTIFIER=AMD64 Family 23 Model 17 Stepping 0, AuthenticAMD
TMP=C:\Users\≥≤¿±¡÷\AppData\Local\Temp
TEMP=C:\Users\≥≤¿±¡÷\AppData\Local\Temp




Periodic native trim disabled

---------------  S Y S T E M  ---------------

OS:
 Windows 10 , 64 bit Build 19041 (10.0.19041.5915)
OS uptime: 0 days 2:22 hours

CPU: total 8 (initial active 8) (8 cores per cpu, 2 threads per core) family 23 model 17 stepping 0 microcode 0x0, cx8, cmov, fxsr, ht, mmx, 3dnowpref, sse, sse2, sse3, ssse3, sse4a, sse4.1, sse4.2, popcnt, lzcnt, tsc, tscinvbit, avx, avx2, aes, clmul, bmi1, bmi2, adx, sha, fma, vzeroupper, clflush, clflushopt, rdtscp, f16c
Processor Information for the first 8 processors :
  Max Mhz: 2000, Current Mhz: 2000, Mhz Limit: 2000

Memory: 4k page, system-wide physical 6045M (348M free)
TotalPageFile size 18333M (AvailPageFile size 0M)
current process WorkingSet (physical memory assigned to process): 36M, peak: 36M
current process commit charge ("private bytes"): 222M, peak: 222M

vm_info: OpenJDK 64-Bit Server VM (21.0.9+10-LTS) for windows-amd64 JRE (21.0.9+10-LTS), built on 2025-10-21T00:00:00Z by "admin" with unknown MS VC++:1942

END.
